<?xml version="1.0" encoding="UTF-8"?>
<!-- Generated by org.testng.reporters.JUnitReportReporter -->
<testsuite hostname="TYSS-Akash-Deb" failures="0" tests="1" name="basicScript.ToVerifyHomePage" time="4.354" errors="0" timestamp="2023-07-15T12:25:44 IST" skipped="0">
  <testcase classname="basicScript.ToVerifyHomePage" name="toVerifyHomePage" time="4.354"/>
  <system-out/>
</testsuite> <!-- basicScript.ToVerifyHomePage -->
