<?xml version="1.0" encoding="UTF-8"?>
<!-- Generated by org.testng.reporters.JUnitReportReporter -->
<testsuite hostname="TYSS-Akash-Deb" failures="0" tests="1" name="homeModule.ToVerifyHomePageTest" time="4.999" errors="0" timestamp="2023-07-15T13:23:28 IST" skipped="0">
  <testcase classname="homeModule.ToVerifyHomePageTest" name="toVerifyHomePageTest" time="4.999"/>
</testsuite> <!-- homeModule.ToVerifyHomePageTest -->
